<?xml version="1.0" encoding="UTF-8"?>
<testng-results ignored="0" total="1" passed="1" failed="0" skipped="0">
  <reporter-output>
  </reporter-output>
  <suite started-at="2025-07-07T11:09:41 IST" name="Default suite" finished-at="2025-07-07T11:09:57 IST" duration-ms="16136">
    <groups>
    </groups>
    <test started-at="2025-07-07T11:09:41 IST" name="Default test" finished-at="2025-07-07T11:09:57 IST" duration-ms="16136">
      <class name="Depot.Login">
        <test-method signature="testLogin(java.lang.String,java.lang.String)[pri:0, instance:Depot.Login@54d9d12d]" started-at="2025-07-07T11:09:42 IST" name="testLogin" data-provider="LoginData" finished-at="2025-07-07T11:09:57 IST" duration-ms="15161" status="PASS">
          <params>
            <param index="0">
              <value>
                <![CDATA[Admin@gpinfotech.com]]>
              </value>
            </param>
            <param index="1">
              <value>
                <![CDATA[Gpinfo1234$]]>
              </value>
            </param>
          </params>
          <reporter-output>
          </reporter-output>
        </test-method> <!-- testLogin -->
      </class> <!-- Depot.Login -->
    </test> <!-- Default test -->
  </suite> <!-- Default suite -->
</testng-results>
