<?xml version="1.0" encoding="UTF-8"?>
<testng-results ignored="0" total="1" passed="1" failed="0" skipped="0">
  <reporter-output>
  </reporter-output>
  <suite started-at="2025-07-07T12:38:23 IST" name="Suite" finished-at="2025-07-07T12:38:43 IST" duration-ms="19247">
    <groups>
    </groups>
    <test started-at="2025-07-07T12:38:23 IST" name="Test" finished-at="2025-07-07T12:38:43 IST" duration-ms="19247">
      <class name="Depot.Login">
        <test-method signature="testLogin(java.lang.String,java.lang.String)[pri:0, instance:Depot.Login@22ff4249]" started-at="2025-07-07T12:38:25 IST" name="testLogin" data-provider="LoginData" finished-at="2025-07-07T12:38:43 IST" duration-ms="17665" status="PASS">
          <params>
            <param index="0">
              <value>
                <![CDATA[Admin@gpinfotech.com]]>
              </value>
            </param>
            <param index="1">
              <value>
                <![CDATA[Gpinfo1234$]]>
              </value>
            </param>
          </params>
          <reporter-output>
          </reporter-output>
        </test-method> <!-- testLogin -->
      </class> <!-- Depot.Login -->
    </test> <!-- Test -->
  </suite> <!-- Suite -->
</testng-results>
